[0m10:43:04.765856 [debug] [MainThread]: Sending event: {'category': 'dbt', 'action': 'invocation', 'label': 'start', 'context': [<snowplow_tracker.self_describing_json.SelfDescribingJson object at 0x7f0df4fdd9c0>, <snowplow_tracker.self_describing_json.SelfDescribingJson object at 0x7f0df370faf0>, <snowplow_tracker.self_describing_json.SelfDescribingJson object at 0x7f0df370fa90>]}


============================== 10:43:04.780309 | 127cecb0-b992-48e8-81bd-b0283722b335 ==============================
[0m10:43:04.780309 [info ] [MainThread]: Running with dbt=1.8.4
[0m10:43:04.782716 [debug] [MainThread]: running dbt with arguments {'printer_width': '80', 'indirect_selection': 'eager', 'log_cache_events': 'False', 'write_json': 'True', 'partial_parse': 'True', 'cache_selected_only': 'False', 'profiles_dir': '/root/.dbt', 'version_check': 'True', 'warn_error': 'None', 'log_path': 'logs', 'fail_fast': 'False', 'debug': 'False', 'use_colors': 'True', 'use_experimental_parser': 'False', 'empty': 'None', 'quiet': 'False', 'no_print': 'None', 'log_format': 'default', 'static_parser': 'True', 'introspect': 'True', 'warn_error_options': 'WarnErrorOptions(include=[], exclude=[])', 'target_path': 'None', 'invocation_command': 'dbt init', 'send_anonymous_usage_stats': 'True'}
[0m10:43:04.816602 [warn ] [MainThread]: [ConfigFolderDirectory]: Unable to parse dict {'dir': PosixPath('/root/.dbt')}
[0m10:43:04.817970 [info ] [MainThread]: Creating dbt configuration folder at 
[0m10:43:17.090296 [debug] [MainThread]: Starter project path: /usr/local/lib/python3.10/site-packages/dbt/include/starter_project
[0m10:43:17.423847 [info ] [MainThread]: 
Your new dbt project "beach_sensors" was created!

For more information on how to configure the profiles.yml file,
please consult the dbt documentation here:

  https://docs.getdbt.com/docs/configure-your-profile

One more thing:

Need help? Don't hesitate to reach out to us via GitHub issues or on Slack:

  https://community.getdbt.com/

Happy modeling!

[0m10:43:17.425207 [info ] [MainThread]: Setting up your profile.
[0m10:43:20.011981 [info ] [MainThread]: Profile beach_sensors written to /root/.dbt/profiles.yml using target's sample configuration. Once updated, you'll be able to start developing with dbt.
[0m10:43:20.015403 [debug] [MainThread]: Resource report: {"command_name": "init", "command_success": true, "command_wall_clock_time": 15.692373, "process_user_time": 1.869442, "process_kernel_time": 0.189943, "process_mem_max_rss": "115116", "process_in_blocks": "43104", "process_out_blocks": "656"}
[0m10:43:20.017406 [debug] [MainThread]: Command `dbt init` succeeded at 10:43:20.017246 after 15.69 seconds
[0m10:43:20.018697 [debug] [MainThread]: Sending event: {'category': 'dbt', 'action': 'invocation', 'label': 'end', 'context': [<snowplow_tracker.self_describing_json.SelfDescribingJson object at 0x7f0df4fdd9c0>, <snowplow_tracker.self_describing_json.SelfDescribingJson object at 0x7f0df375b5b0>, <snowplow_tracker.self_describing_json.SelfDescribingJson object at 0x7f0df375b5e0>]}
[0m10:43:20.019980 [debug] [MainThread]: Flushing usage events
